<?xml version="1.0" encoding="UTF-8"?>
<!-- Generated by org.testng.reporters.JUnitReportReporter -->
<testsuite skipped="0" hostname="harish-Vostro-3558" name="Parent.Header" tests="1" failures="0" timestamp="26 May 2018 22:34:31 GMT" time="9.264" errors="0">
  <testcase name="login" time="9.264" classname="Parent.Header"/>
</testsuite> <!-- Parent.Header -->
