<?xml version="1.0" encoding="UTF-8"?>
<!-- Generated by org.testng.reporters.JUnitReportReporter -->
<testsuite skipped="0" hostname="harish-Vostro-3558" name="Main.Starter" tests="2" failures="0" timestamp="27 May 2018 20:54:16 GMT" time="11.837" errors="0">
  <testcase name="Login" time="11.517" classname="Main.Starter"/>
  <testcase name="more" time="0.320" classname="Main.Starter"/>
</testsuite> <!-- Main.Starter -->
